<?xml version="1.0" encoding="UTF-8"?>
<!-- Generated by org.testng.reporters.JUnitReportReporter -->
<testsuite hostname="localhost" name="ElevatorControllerTest" tests="3" failures="0" timestamp="21 Nov 2016 07:57:38 GMT" time="0.280" errors="0">
  <testcase name="testDecideNextElevatorSameDirection" time="0.010" classname="ElevatorControllerTest"/>
  <testcase name="testDecideNextElevatorDifferentDirection" time="0.270" classname="ElevatorControllerTest"/>
  <testcase name="testDecideNextElevatorSingle" time="0.000" classname="ElevatorControllerTest"/>
</testsuite>
