<?xml version="1.0" encoding="UTF-8"?>
<!-- Generated by org.testng.reporters.JUnitReportReporter -->
<testsuite hostname="localhost" name="ElevatorTest" tests="3" failures="0" timestamp="21 Nov 2016 07:57:38 GMT" time="52.036" errors="0">
  <testcase name="testMoveMultipleRequestsDifferentDirection" time="21.004" classname="ElevatorTest"/>
  <testcase name="testMoveMultipleRequestsSameDirection" time="13.004" classname="ElevatorTest"/>
  <testcase name="testMoveSingleRequest" time="18.028" classname="ElevatorTest"/>
</testsuite>
